#
# There is insufficient memory for the Java Runtime Environment to continue.
# Native memory allocation (mmap) failed to map 65536 bytes for Failed to commit metaspace.
# Possible reasons:
#   The system is out of physical RAM or swap space
#   The process is running with CompressedOops enabled, and the Java Heap may be blocking the growth of the native heap
# Possible solutions:
#   Reduce memory load on the system
#   Increase physical memory or swap space
#   Check if swap backing store is full
#   Decrease Java heap size (-Xmx/-Xms)
#   Decrease number of Java threads
#   Decrease Java thread stack sizes (-Xss)
#   Set larger code cache with -XX:ReservedCodeCacheSize=
#   JVM is running with Zero Based Compressed Oops mode in which the Java heap is
#     placed in the first 32GB address space. The Java Heap base address is the
#     maximum limit for the native heap growth. Please use -XX:HeapBaseMinAddress
#     to set the Java Heap base and to place the Java Heap above 32GB virtual address.
# This output file may be truncated or incomplete.
#
#  Out of Memory Error (virtualSpaceNode.cpp:110), pid=1856, tid=16700
#
# JRE version: Java(TM) SE Runtime Environment (18.0.2+9) (build 18.0.2+9-61)
# Java VM: Java HotSpot(TM) 64-Bit Server VM (18.0.2+9-61, mixed mode, emulated-client, sharing, tiered, compressed oops, compressed class ptrs, g1 gc, windows-amd64)
# No core dump will be written. Minidumps are not enabled by default on client versions of Windows
#

---------------  S U M M A R Y ------------

Command Line: -XX:TieredStopAtLevel=1 -Xverify:none -Dspring.output.ansi.enabled=always -Dcom.sun.management.jmxremote -Dspring.jmx.enabled=true -Dspring.liveBeansView.mbeanDomain -Dspring.application.admin.enabled=true -javaagent:C:\Program Files\JetBrains\IntelliJ IDEA 2022.1.3\lib\idea_rt.jar=54381:C:\Program Files\JetBrains\IntelliJ IDEA 2022.1.3\bin -Dfile.encoding=UTF-8 ru.dimax.Application

Host: Intel(R) Core(TM) i5-10300H CPU @ 2.50GHz, 8 cores, 15G,  Windows 10 , 64 bit Build 19041 (10.0.19041.3636)
Time: Mon Jan  8 12:06:30 2024 RTZ 2 (s 10 , 64 bit Build 19041 (10.0.19041.3636) elapsed time: 4.166056 seconds (0d 0h 0m 4s)

---------------  T H R E A D  ---------------

Current thread (0x0000020e123b7190):  JavaThread "main" [_thread_in_vm, id=16700, stack(0x0000003c04500000,0x0000003c04600000)]

Stack: [0x0000003c04500000,0x0000003c04600000]
Native frames: (J=compiled Java code, j=interpreted, Vv=VM code, C=native code)
V  [jvm.dll+0x6993ca]
V  [jvm.dll+0x7f481d]
V  [jvm.dll+0x7f612e]
V  [jvm.dll+0x7f67e3]
V  [jvm.dll+0x25cdaf]
V  [jvm.dll+0x7f052b]
V  [jvm.dll+0x63f546]
V  [jvm.dll+0x1d741e]
V  [jvm.dll+0x641eeb]
V  [jvm.dll+0x641cee]
V  [jvm.dll+0x63ff0e]
V  [jvm.dll+0x64a587]
V  [jvm.dll+0x2027b1]
V  [jvm.dll+0x202ce5]
V  [jvm.dll+0x20371f]
V  [jvm.dll+0x1f8bb1]
V  [jvm.dll+0x55dc05]
V  [jvm.dll+0x76e993]
V  [jvm.dll+0x76ea74]
V  [jvm.dll+0x42d7b4]
V  [jvm.dll+0x4334bf]
C  [java.dll+0x17ec]

Java frames: (J=compiled Java code, j=interpreted, Vv=VM code)
J 1166  java.lang.ClassLoader.defineClass1(Ljava/lang/ClassLoader;Ljava/lang/String;[BIILjava/security/ProtectionDomain;Ljava/lang/String;)Ljava/lang/Class; java.base@18.0.2 (0 bytes) @ 0x0000020e1a1356e3 [0x0000020e1a135620+0x00000000000000c3]
J 1189 c1 java.lang.ClassLoader.defineClass(Ljava/lang/String;[BIILjava/security/ProtectionDomain;)Ljava/lang/Class; java.base@18.0.2 (43 bytes) @ 0x0000020e1a1424ec [0x0000020e1a1423e0+0x000000000000010c]
J 1178 c1 jdk.internal.loader.BuiltinClassLoader.defineClass(Ljava/lang/String;Ljdk/internal/loader/Resource;)Ljava/lang/Class; java.base@18.0.2 (121 bytes) @ 0x0000020e1a13e1f4 [0x0000020e1a13dd20+0x00000000000004d4]
J 1165 c1 jdk.internal.loader.BuiltinClassLoader.findClassOnClassPathOrNull(Ljava/lang/String;)Ljava/lang/Class; java.base@18.0.2 (64 bytes) @ 0x0000020e1a1375e4 [0x0000020e1a137340+0x00000000000002a4]
J 1027 c1 jdk.internal.loader.BuiltinClassLoader.loadClassOrNull(Ljava/lang/String;Z)Ljava/lang/Class; java.base@18.0.2 (143 bytes) @ 0x0000020e1a0faeb4 [0x0000020e1a0faae0+0x00000000000003d4]
J 1064 c1 jdk.internal.loader.ClassLoaders$AppClassLoader.loadClass(Ljava/lang/String;Z)Ljava/lang/Class; java.base@18.0.2 (40 bytes) @ 0x0000020e1a109b7c [0x0000020e1a109b40+0x000000000000003c]
J 1063 c1 java.lang.ClassLoader.loadClass(Ljava/lang/String;)Ljava/lang/Class; java.base@18.0.2 (7 bytes) @ 0x0000020e1a1090e4 [0x0000020e1a1090a0+0x0000000000000044]
v  ~StubRoutines::call_stub
j  org.springframework.cglib.proxy.Enhancer$4.beginMethod(Lorg/springframework/cglib/core/ClassEmitter;Lorg/springframework/cglib/core/MethodInfo;)Lorg/springframework/cglib/core/CodeEmitter;+2
j  org.springframework.cglib.proxy.MethodInterceptorGenerator.generate(Lorg/springframework/cglib/core/ClassEmitter;Lorg/springframework/cglib/proxy/CallbackGenerator$Context;Ljava/util/List;)V+160
j  org.springframework.cglib.proxy.Enhancer.emitMethods(Lorg/springframework/cglib/core/ClassEmitter;Ljava/util/List;Ljava/util/List;)V+487
j  org.springframework.cglib.proxy.Enhancer.generateClass(Lorg/springframework/asm/ClassVisitor;)V+389
j  org.springframework.cglib.transform.TransformingClassGenerator.generateClass(Lorg/springframework/asm/ClassVisitor;)V+16
j  org.springframework.cglib.core.DefaultGeneratorStrategy.generate(Lorg/springframework/cglib/core/ClassGenerator;)[B+11
j  org.springframework.cglib.core.ClassLoaderAwareGeneratorStrategy.generate(Lorg/springframework/cglib/core/ClassGenerator;)[B+66
j  org.springframework.cglib.core.AbstractClassGenerator.generate(Lorg/springframework/cglib/core/AbstractClassGenerator$ClassLoaderData;)Ljava/lang/Class;+164
j  org.springframework.cglib.proxy.Enhancer.generate(Lorg/springframework/cglib/core/AbstractClassGenerator$ClassLoaderData;)Ljava/lang/Class;+53
j  org.springframework.cglib.core.AbstractClassGenerator$ClassLoaderData.lambda$new$1(Lorg/springframework/cglib/core/AbstractClassGenerator;)Ljava/lang/Object;+2
j  org.springframework.cglib.core.AbstractClassGenerator$ClassLoaderData$$Lambda$536+0x0000000800eec878.apply(Ljava/lang/Object;)Ljava/lang/Object;+8
j  org.springframework.cglib.core.internal.LoadingCache.lambda$createEntry$1(Ljava/lang/Object;)Ljava/lang/Object;+5
j  org.springframework.cglib.core.internal.LoadingCache$$Lambda$539+0x0000000800eece98.call()Ljava/lang/Object;+8
j  java.util.concurrent.FutureTask.run()V+39 java.base@18.0.2
j  org.springframework.cglib.core.internal.LoadingCache.createEntry(Ljava/lang/Object;Ljava/lang/Object;Ljava/lang/Object;)Ljava/lang/Object;+56
j  org.springframework.cglib.core.internal.LoadingCache.get(Ljava/lang/Object;)Ljava/lang/Object;+39
j  org.springframework.cglib.core.AbstractClassGenerator$ClassLoaderData.get(Lorg/springframework/cglib/core/AbstractClassGenerator;Z)Ljava/lang/Object;+15
j  org.springframework.cglib.core.AbstractClassGenerator.create(Ljava/lang/Object;)Ljava/lang/Object;+115
j  org.springframework.cglib.proxy.Enhancer.createHelper()Ljava/lang/Object;+102
j  org.springframework.cglib.proxy.Enhancer.createClass()Ljava/lang/Class;+6
j  org.springframework.context.annotation.ConfigurationClassEnhancer.createClass(Lorg/springframework/cglib/proxy/Enhancer;)Ljava/lang/Class;+1
j  org.springframework.context.annotation.ConfigurationClassEnhancer.enhance(Ljava/lang/Class;Ljava/lang/ClassLoader;)Ljava/lang/Class;+53
j  org.springframework.context.annotation.ConfigurationClassPostProcessor.enhanceConfigurationClasses(Lorg/springframework/beans/factory/config/ConfigurableListableBeanFactory;)V+415
j  org.springframework.context.annotation.ConfigurationClassPostProcessor.postProcessBeanFactory(Lorg/springframework/beans/factory/config/ConfigurableListableBeanFactory;)V+75
j  org.springframework.context.support.PostProcessorRegistrationDelegate.invokeBeanFactoryPostProcessors(Ljava/util/Collection;Lorg/springframework/beans/factory/config/ConfigurableListableBeanFactory;)V+61
j  org.springframework.context.support.PostProcessorRegistrationDelegate.invokeBeanFactoryPostProcessors(Lorg/springframework/beans/factory/config/ConfigurableListableBeanFactory;Ljava/util/List;)V+521
j  org.springframework.context.support.AbstractApplicationContext.invokeBeanFactoryPostProcessors(Lorg/springframework/beans/factory/config/ConfigurableListableBeanFactory;)V+5
j  org.springframework.context.support.AbstractApplicationContext.refresh()V+53
j  org.springframework.boot.web.servlet.context.ServletWebServerApplicationContext.refresh()V+1
j  org.springframework.boot.SpringApplication.refresh(Lorg/springframework/context/ConfigurableApplicationContext;)V+1
j  org.springframework.boot.SpringApplication.refreshContext(Lorg/springframework/context/ConfigurableApplicationContext;)V+16
j  org.springframework.boot.SpringApplication.run([Ljava/lang/String;)Lorg/springframework/context/ConfigurableApplicationContext;+114
j  org.springframework.boot.SpringApplication.run([Ljava/lang/Class;[Ljava/lang/String;)Lorg/springframework/context/ConfigurableApplicationContext;+9
j  org.springframework.boot.SpringApplication.run(Ljava/lang/Class;[Ljava/lang/String;)Lorg/springframework/context/ConfigurableApplicationContext;+9
j  ru.dimax.Application.main([Ljava/lang/String;)V+3
v  ~StubRoutines::call_stub

---------------  P R O C E S S  ---------------

Threads class SMR info:
_java_thread_list=0x0000020e2e7063a0, length=18, elements={
0x0000020e123b7190, 0x0000020e28ec7b20, 0x0000020e28ec8f20, 0x0000020e28edcca0,
0x0000020e28edd900, 0x0000020e28edfa50, 0x0000020e28ee4310, 0x0000020e28ee85b0,
0x0000020e28ee9870, 0x0000020e28eae680, 0x0000020e28eaeb40, 0x0000020e28eaf040,
0x0000020e2d1ab040, 0x0000020e2d59ce40, 0x0000020e2d50e3b0, 0x0000020e2d6aad00,
0x0000020e2dbde890, 0x0000020e2dbb40b0
}

Java Threads: ( => current thread )
=>0x0000020e123b7190 JavaThread "main" [_thread_in_vm, id=16700, stack(0x0000003c04500000,0x0000003c04600000)]
  0x0000020e28ec7b20 JavaThread "Reference Handler" daemon [_thread_blocked, id=1672, stack(0x0000003c04c00000,0x0000003c04d00000)]
  0x0000020e28ec8f20 JavaThread "Finalizer" daemon [_thread_blocked, id=9072, stack(0x0000003c04d00000,0x0000003c04e00000)]
  0x0000020e28edcca0 JavaThread "Signal Dispatcher" daemon [_thread_blocked, id=11716, stack(0x0000003c04e00000,0x0000003c04f00000)]
  0x0000020e28edd900 JavaThread "Attach Listener" daemon [_thread_blocked, id=13444, stack(0x0000003c04f00000,0x0000003c05000000)]
  0x0000020e28edfa50 JavaThread "Service Thread" daemon [_thread_blocked, id=12696, stack(0x0000003c05000000,0x0000003c05100000)]
  0x0000020e28ee4310 JavaThread "Monitor Deflation Thread" daemon [_thread_blocked, id=392, stack(0x0000003c05100000,0x0000003c05200000)]
  0x0000020e28ee85b0 JavaThread "C1 CompilerThread0" daemon [_thread_blocked, id=1404, stack(0x0000003c05200000,0x0000003c05300000)]
  0x0000020e28ee9870 JavaThread "Sweeper thread" daemon [_thread_blocked, id=3484, stack(0x0000003c05300000,0x0000003c05400000)]
  0x0000020e28eae680 JavaThread "Common-Cleaner" daemon [_thread_blocked, id=20216, stack(0x0000003c05400000,0x0000003c05500000)]
  0x0000020e28eaeb40 JavaThread "C1 CompilerThread1" daemon [_thread_blocked, id=17828, stack(0x0000003c05500000,0x0000003c05600000)]
  0x0000020e28eaf040 JavaThread "C1 CompilerThread2" daemon [_thread_blocked, id=19900, stack(0x0000003c05600000,0x0000003c05700000)]
  0x0000020e2d1ab040 JavaThread "C1 CompilerThread3" daemon [_thread_blocked, id=16184, stack(0x0000003c05700000,0x0000003c05800000)]
  0x0000020e2d59ce40 JavaThread "Monitor Ctrl-Break" daemon [_thread_in_native, id=16360, stack(0x0000003c05800000,0x0000003c05900000)]
  0x0000020e2d50e3b0 JavaThread "Notification Thread" daemon [_thread_blocked, id=17612, stack(0x0000003c05900000,0x0000003c05a00000)]
  0x0000020e2d6aad00 JavaThread "RMI TCP Accept-0" daemon [_thread_in_native, id=16964, stack(0x0000003c05a00000,0x0000003c05b00000)]
  0x0000020e2dbde890 JavaThread "RMI TCP Connection(1)-169.254.154.57" daemon [_thread_in_native, id=10052, stack(0x0000003c06400000,0x0000003c06500000)]
  0x0000020e2dbb40b0 JavaThread "RMI Scheduler(0)" daemon [_thread_blocked, id=2284, stack(0x0000003c06500000,0x0000003c06600000)]

Other Threads:
  0x0000020e1243fa40 VMThread "VM Thread" [stack: 0x0000003c04b00000,0x0000003c04c00000] [id=20740]
  0x0000020e123b8130 WatcherThread "VM Periodic Task Thread" [stack: 0x0000003c05b00000,0x0000003c05c00000] [id=12704]
  0x0000020e12427de0 WorkerThread "GC Thread#0" [stack: 0x0000003c04600000,0x0000003c04700000] [id=20144]
  0x0000020e2dab6e50 WorkerThread "GC Thread#1" [stack: 0x0000003c05c00000,0x0000003c05d00000] [id=14040]
  0x0000020e2dab70f0 WorkerThread "GC Thread#2" [stack: 0x0000003c05d00000,0x0000003c05e00000] [id=20916]
  0x0000020e2dab7390 WorkerThread "GC Thread#3" [stack: 0x0000003c05e00000,0x0000003c05f00000] [id=14500]
  0x0000020e2da8cbc0 WorkerThread "GC Thread#4" [stack: 0x0000003c05f00000,0x0000003c06000000] [id=17272]
  0x0000020e2da8ce60 WorkerThread "GC Thread#5" [stack: 0x0000003c06000000,0x0000003c06100000] [id=1800]
  0x0000020e2db06050 WorkerThread "GC Thread#6" [stack: 0x0000003c06100000,0x0000003c06200000] [id=10984]
  0x0000020e2db06700 WorkerThread "GC Thread#7" [stack: 0x0000003c06200000,0x0000003c06300000] [id=13828]
  0x0000020e12438b10 ConcurrentGCThread "G1 Main Marker" [stack: 0x0000003c04700000,0x0000003c04800000] [id=17244]
  0x0000020e12439ca0 WorkerThread "G1 Conc#0" [stack: 0x0000003c04800000,0x0000003c04900000] [id=18264]
  0x0000020e28d7b140 ConcurrentGCThread "G1 Refine#0" [stack: 0x0000003c04900000,0x0000003c04a00000] [id=10104]
  0x0000020e2db069a0 ConcurrentGCThread "G1 Refine#1" [stack: 0x0000003c06300000,0x0000003c06400000] [id=2028]
  0x0000020e28d7ba50 ConcurrentGCThread "G1 Service" [stack: 0x0000003c04a00000,0x0000003c04b00000] [id=20556]

Threads with active compile tasks:

VM state: not at safepoint (normal execution)

VM Mutex/Monitor currently owned by a thread:  ([mutex/lock_event])
[0x0000020e123b19a0] Metaspace_lock - owner thread: 0x0000020e123b7190

Heap address: 0x0000000702000000, size: 4064 MB, Compressed Oops mode: Zero based, Oop shift amount: 3

CDS archive(s) mapped at: [0x0000000800000000-0x0000000800ba0000-0x0000000800ba0000), size 12189696, SharedBaseAddress: 0x0000000800000000, ArchiveRelocationMode: 0.
Compressed class space mapped at: 0x0000000800c00000-0x0000000840c00000, reserved size: 1073741824
Narrow klass base: 0x0000000800000000, Narrow klass shift: 0, Narrow klass range: 0x100000000

GC Precious Log:
 CardTable entry size: 512
 Card Set container configuration: InlinePtr #cards 4 size 8 Array Of Cards #cards 16 size 48 Howl #buckets 8 coarsen threshold 3686 Howl Bitmap #cards 512 size 80 coarsen threshold 460 Card regions per heap region 1 cards per card region 4096
 CPUs: 8 total, 8 available
 Memory: 16252M
 Large Page Support: Disabled
 NUMA Support: Disabled
 Compressed Oops: Enabled (Zero based)
 Heap Region Size: 2M
 Heap Min Capacity: 8M
 Heap Initial Capacity: 254M
 Heap Max Capacity: 4064M
 Pre-touch: Disabled
 Parallel Workers: 8
 Concurrent Workers: 2
 Concurrent Refinement Workers: 8
 Periodic GC: Disabled

Heap:
 garbage-first heap   total 260096K, used 14274K [0x0000000702000000, 0x0000000800000000)
  region size 2048K, 5 young (10240K), 4 survivors (8192K)
 Metaspace       used 21005K, committed 21440K, reserved 1114112K
  class space    used 2768K, committed 3008K, reserved 1048576K

Heap Regions: E=young(eden), S=young(survivor), O=old, HS=humongous(starts), HC=humongous(continues), CS=collection set, F=free, OA=open archive, CA=closed archive, TAMS=top-at-mark-start (previous, next)
|   0|0x0000000702000000, 0x0000000702200000, 0x0000000702200000|100%| O|  |TAMS 0x0000000702000000, 0x0000000702000000| Untracked 
|   1|0x0000000702200000, 0x0000000702400000, 0x0000000702400000|100%| O|  |TAMS 0x0000000702200000, 0x0000000702200000| Untracked 
|   2|0x0000000702400000, 0x0000000702600000, 0x0000000702600000|100%| O|  |TAMS 0x0000000702400000, 0x0000000702400000| Untracked 
|   3|0x0000000702600000, 0x00000007027cac00, 0x0000000702800000| 89%| O|  |TAMS 0x0000000702600000, 0x0000000702600000| Untracked 
|   4|0x0000000702800000, 0x0000000702800000, 0x0000000702a00000|  0%| F|  |TAMS 0x0000000702800000, 0x0000000702800000| Untracked 
|   5|0x0000000702a00000, 0x0000000702a00000, 0x0000000702c00000|  0%| F|  |TAMS 0x0000000702a00000, 0x0000000702a00000| Untracked 
|   6|0x0000000702c00000, 0x0000000702c00000, 0x0000000702e00000|  0%| F|  |TAMS 0x0000000702c00000, 0x0000000702c00000| Untracked 
|   7|0x0000000702e00000, 0x0000000702e00000, 0x0000000703000000|  0%| F|  |TAMS 0x0000000702e00000, 0x0000000702e00000| Untracked 
|   8|0x0000000703000000, 0x0000000703000000, 0x0000000703200000|  0%| F|  |TAMS 0x0000000703000000, 0x0000000703000000| Untracked 
|   9|0x0000000703200000, 0x0000000703200000, 0x0000000703400000|  0%| F|  |TAMS 0x0000000703200000, 0x0000000703200000| Untracked 
|  10|0x0000000703400000, 0x0000000703400000, 0x0000000703600000|  0%| F|  |TAMS 0x0000000703400000, 0x0000000703400000| Untracked 
|  11|0x0000000703600000, 0x0000000703600000, 0x0000000703800000|  0%| F|  |TAMS 0x0000000703600000, 0x0000000703600000| Untracked 
|  12|0x0000000703800000, 0x0000000703800000, 0x0000000703a00000|  0%| F|  |TAMS 0x0000000703800000, 0x0000000703800000| Untracked 
|  13|0x0000000703a00000, 0x0000000703a00000, 0x0000000703c00000|  0%| F|  |TAMS 0x0000000703a00000, 0x0000000703a00000| Untracked 
|  14|0x0000000703c00000, 0x0000000703c00000, 0x0000000703e00000|  0%| F|  |TAMS 0x0000000703c00000, 0x0000000703c00000| Untracked 
|  15|0x0000000703e00000, 0x0000000703e00000, 0x0000000704000000|  0%| F|  |TAMS 0x0000000703e00000, 0x0000000703e00000| Untracked 
|  16|0x0000000704000000, 0x0000000704000000, 0x0000000704200000|  0%| F|  |TAMS 0x0000000704000000, 0x0000000704000000| Untracked 
|  17|0x0000000704200000, 0x0000000704200000, 0x0000000704400000|  0%| F|  |TAMS 0x0000000704200000, 0x0000000704200000| Untracked 
|  18|0x0000000704400000, 0x0000000704400000, 0x0000000704600000|  0%| F|  |TAMS 0x0000000704400000, 0x0000000704400000| Untracked 
|  19|0x0000000704600000, 0x0000000704600000, 0x0000000704800000|  0%| F|  |TAMS 0x0000000704600000, 0x0000000704600000| Untracked 
|  20|0x0000000704800000, 0x0000000704800000, 0x0000000704a00000|  0%| F|  |TAMS 0x0000000704800000, 0x0000000704800000| Untracked 
|  21|0x0000000704a00000, 0x0000000704a00000, 0x0000000704c00000|  0%| F|  |TAMS 0x0000000704a00000, 0x0000000704a00000| Untracked 
|  22|0x0000000704c00000, 0x0000000704c00000, 0x0000000704e00000|  0%| F|  |TAMS 0x0000000704c00000, 0x0000000704c00000| Untracked 
|  23|0x0000000704e00000, 0x0000000704e00000, 0x0000000705000000|  0%| F|  |TAMS 0x0000000704e00000, 0x0000000704e00000| Untracked 
|  24|0x0000000705000000, 0x0000000705000000, 0x0000000705200000|  0%| F|  |TAMS 0x0000000705000000, 0x0000000705000000| Untracked 
|  25|0x0000000705200000, 0x0000000705200000, 0x0000000705400000|  0%| F|  |TAMS 0x0000000705200000, 0x0000000705200000| Untracked 
|  26|0x0000000705400000, 0x0000000705400000, 0x0000000705600000|  0%| F|  |TAMS 0x0000000705400000, 0x0000000705400000| Untracked 
|  27|0x0000000705600000, 0x0000000705600000, 0x0000000705800000|  0%| F|  |TAMS 0x0000000705600000, 0x0000000705600000| Untracked 
|  28|0x0000000705800000, 0x0000000705800000, 0x0000000705a00000|  0%| F|  |TAMS 0x0000000705800000, 0x0000000705800000| Untracked 
|  29|0x0000000705a00000, 0x0000000705a00000, 0x0000000705c00000|  0%| F|  |TAMS 0x0000000705a00000, 0x0000000705a00000| Untracked 
|  30|0x0000000705c00000, 0x0000000705c00000, 0x0000000705e00000|  0%| F|  |TAMS 0x0000000705c00000, 0x0000000705c00000| Untracked 
|  31|0x0000000705e00000, 0x0000000705e00000, 0x0000000706000000|  0%| F|  |TAMS 0x0000000705e00000, 0x0000000705e00000| Untracked 
|  32|0x0000000706000000, 0x0000000706000000, 0x0000000706200000|  0%| F|  |TAMS 0x0000000706000000, 0x0000000706000000| Untracked 
|  33|0x0000000706200000, 0x0000000706200000, 0x0000000706400000|  0%| F|  |TAMS 0x0000000706200000, 0x0000000706200000| Untracked 
|  34|0x0000000706400000, 0x0000000706400000, 0x0000000706600000|  0%| F|  |TAMS 0x0000000706400000, 0x0000000706400000| Untracked 
|  35|0x0000000706600000, 0x0000000706600000, 0x0000000706800000|  0%| F|  |TAMS 0x0000000706600000, 0x0000000706600000| Untracked 
|  36|0x0000000706800000, 0x0000000706800000, 0x0000000706a00000|  0%| F|  |TAMS 0x0000000706800000, 0x0000000706800000| Untracked 
|  37|0x0000000706a00000, 0x0000000706a00000, 0x0000000706c00000|  0%| F|  |TAMS 0x0000000706a00000, 0x0000000706a00000| Untracked 
|  38|0x0000000706c00000, 0x0000000706c00000, 0x0000000706e00000|  0%| F|  |TAMS 0x0000000706c00000, 0x0000000706c00000| Untracked 
|  39|0x0000000706e00000, 0x0000000706e00000, 0x0000000707000000|  0%| F|  |TAMS 0x0000000706e00000, 0x0000000706e00000| Untracked 
|  40|0x0000000707000000, 0x0000000707000000, 0x0000000707200000|  0%| F|  |TAMS 0x0000000707000000, 0x0000000707000000| Untracked 
|  41|0x0000000707200000, 0x0000000707200000, 0x0000000707400000|  0%| F|  |TAMS 0x0000000707200000, 0x0000000707200000| Untracked 
|  42|0x0000000707400000, 0x0000000707400000, 0x0000000707600000|  0%| F|  |TAMS 0x0000000707400000, 0x0000000707400000| Untracked 
|  43|0x0000000707600000, 0x0000000707600000, 0x0000000707800000|  0%| F|  |TAMS 0x0000000707600000, 0x0000000707600000| Untracked 
|  44|0x0000000707800000, 0x0000000707800000, 0x0000000707a00000|  0%| F|  |TAMS 0x0000000707800000, 0x0000000707800000| Untracked 
|  45|0x0000000707a00000, 0x0000000707a00000, 0x0000000707c00000|  0%| F|  |TAMS 0x0000000707a00000, 0x0000000707a00000| Untracked 
|  46|0x0000000707c00000, 0x0000000707c00000, 0x0000000707e00000|  0%| F|  |TAMS 0x0000000707c00000, 0x0000000707c00000| Untracked 
|  47|0x0000000707e00000, 0x0000000707e00000, 0x0000000708000000|  0%| F|  |TAMS 0x0000000707e00000, 0x0000000707e00000| Untracked 
|  48|0x0000000708000000, 0x0000000708000000, 0x0000000708200000|  0%| F|  |TAMS 0x0000000708000000, 0x0000000708000000| Untracked 
|  49|0x0000000708200000, 0x0000000708200000, 0x0000000708400000|  0%| F|  |TAMS 0x0000000708200000, 0x0000000708200000| Untracked 
|  50|0x0000000708400000, 0x0000000708400000, 0x0000000708600000|  0%| F|  |TAMS 0x0000000708400000, 0x0000000708400000| Untracked 
|  51|0x0000000708600000, 0x0000000708600000, 0x0000000708800000|  0%| F|  |TAMS 0x0000000708600000, 0x0000000708600000| Untracked 
|  52|0x0000000708800000, 0x0000000708800000, 0x0000000708a00000|  0%| F|  |TAMS 0x0000000708800000, 0x0000000708800000| Untracked 
|  53|0x0000000708a00000, 0x0000000708a00000, 0x0000000708c00000|  0%| F|  |TAMS 0x0000000708a00000, 0x0000000708a00000| Untracked 
|  54|0x0000000708c00000, 0x0000000708c00000, 0x0000000708e00000|  0%| F|  |TAMS 0x0000000708c00000, 0x0000000708c00000| Untracked 
|  55|0x0000000708e00000, 0x0000000708e00000, 0x0000000709000000|  0%| F|  |TAMS 0x0000000708e00000, 0x0000000708e00000| Untracked 
|  56|0x0000000709000000, 0x0000000709000000, 0x0000000709200000|  0%| F|  |TAMS 0x0000000709000000, 0x0000000709000000| Untracked 
|  57|0x0000000709200000, 0x0000000709200000, 0x0000000709400000|  0%| F|  |TAMS 0x0000000709200000, 0x0000000709200000| Untracked 
|  58|0x0000000709400000, 0x0000000709400000, 0x0000000709600000|  0%| F|  |TAMS 0x0000000709400000, 0x0000000709400000| Untracked 
|  59|0x0000000709600000, 0x0000000709600000, 0x0000000709800000|  0%| F|  |TAMS 0x0000000709600000, 0x0000000709600000| Untracked 
|  60|0x0000000709800000, 0x0000000709800000, 0x0000000709a00000|  0%| F|  |TAMS 0x0000000709800000, 0x0000000709800000| Untracked 
|  61|0x0000000709a00000, 0x0000000709a00000, 0x0000000709c00000|  0%| F|  |TAMS 0x0000000709a00000, 0x0000000709a00000| Untracked 
|  62|0x0000000709c00000, 0x0000000709c00000, 0x0000000709e00000|  0%| F|  |TAMS 0x0000000709c00000, 0x0000000709c00000| Untracked 
|  63|0x0000000709e00000, 0x0000000709e00000, 0x000000070a000000|  0%| F|  |TAMS 0x0000000709e00000, 0x0000000709e00000| Untracked 
|  64|0x000000070a000000, 0x000000070a000000, 0x000000070a200000|  0%| F|  |TAMS 0x000000070a000000, 0x000000070a000000| Untracked 
|  65|0x000000070a200000, 0x000000070a200000, 0x000000070a400000|  0%| F|  |TAMS 0x000000070a200000, 0x000000070a200000| Untracked 
|  66|0x000000070a400000, 0x000000070a400000, 0x000000070a600000|  0%| F|  |TAMS 0x000000070a400000, 0x000000070a400000| Untracked 
|  67|0x000000070a600000, 0x000000070a600000, 0x000000070a800000|  0%| F|  |TAMS 0x000000070a600000, 0x000000070a600000| Untracked 
|  68|0x000000070a800000, 0x000000070a800000, 0x000000070aa00000|  0%| F|  |TAMS 0x000000070a800000, 0x000000070a800000| Untracked 
|  69|0x000000070aa00000, 0x000000070aa00000, 0x000000070ac00000|  0%| F|  |TAMS 0x000000070aa00000, 0x000000070aa00000| Untracked 
|  70|0x000000070ac00000, 0x000000070ac00000, 0x000000070ae00000|  0%| F|  |TAMS 0x000000070ac00000, 0x000000070ac00000| Untracked 
|  71|0x000000070ae00000, 0x000000070ae00000, 0x000000070b000000|  0%| F|  |TAMS 0x000000070ae00000, 0x000000070ae00000| Untracked 
|  72|0x000000070b000000, 0x000000070b000000, 0x000000070b200000|  0%| F|  |TAMS 0x000000070b000000, 0x000000070b000000| Untracked 
|  73|0x000000070b200000, 0x000000070b200000, 0x000000070b400000|  0%| F|  |TAMS 0x000000070b200000, 0x000000070b200000| Untracked 
|  74|0x000000070b400000, 0x000000070b400000, 0x000000070b600000|  0%| F|  |TAMS 0x000000070b400000, 0x000000070b400000| Untracked 
|  75|0x000000070b600000, 0x000000070b600000, 0x000000070b800000|  0%| F|  |TAMS 0x000000070b600000, 0x000000070b600000| Untracked 
|  76|0x000000070b800000, 0x000000070b800000, 0x000000070ba00000|  0%| F|  |TAMS 0x000000070b800000, 0x000000070b800000| Untracked 
|  77|0x000000070ba00000, 0x000000070ba00000, 0x000000070bc00000|  0%| F|  |TAMS 0x000000070ba00000, 0x000000070ba00000| Untracked 
|  78|0x000000070bc00000, 0x000000070bc00000, 0x000000070be00000|  0%| F|  |TAMS 0x000000070bc00000, 0x000000070bc00000| Untracked 
|  79|0x000000070be00000, 0x000000070be00000, 0x000000070c000000|  0%| F|  |TAMS 0x000000070be00000, 0x000000070be00000| Untracked 
|  80|0x000000070c000000, 0x000000070c000000, 0x000000070c200000|  0%| F|  |TAMS 0x000000070c000000, 0x000000070c000000| Untracked 
|  81|0x000000070c200000, 0x000000070c200000, 0x000000070c400000|  0%| F|  |TAMS 0x000000070c200000, 0x000000070c200000| Untracked 
|  82|0x000000070c400000, 0x000000070c400000, 0x000000070c600000|  0%| F|  |TAMS 0x000000070c400000, 0x000000070c400000| Untracked 
|  83|0x000000070c600000, 0x000000070c600000, 0x000000070c800000|  0%| F|  |TAMS 0x000000070c600000, 0x000000070c600000| Untracked 
|  84|0x000000070c800000, 0x000000070c800000, 0x000000070ca00000|  0%| F|  |TAMS 0x000000070c800000, 0x000000070c800000| Untracked 
|  85|0x000000070ca00000, 0x000000070ca00000, 0x000000070cc00000|  0%| F|  |TAMS 0x000000070ca00000, 0x000000070ca00000| Untracked 
|  86|0x000000070cc00000, 0x000000070cc00000, 0x000000070ce00000|  0%| F|  |TAMS 0x000000070cc00000, 0x000000070cc00000| Untracked 
|  87|0x000000070ce00000, 0x000000070ce00000, 0x000000070d000000|  0%| F|  |TAMS 0x000000070ce00000, 0x000000070ce00000| Untracked 
|  88|0x000000070d000000, 0x000000070d000000, 0x000000070d200000|  0%| F|  |TAMS 0x000000070d000000, 0x000000070d000000| Untracked 
|  89|0x000000070d200000, 0x000000070d200000, 0x000000070d400000|  0%| F|  |TAMS 0x000000070d200000, 0x000000070d200000| Untracked 
|  90|0x000000070d400000, 0x000000070d400000, 0x000000070d600000|  0%| F|  |TAMS 0x000000070d400000, 0x000000070d400000| Untracked 
|  91|0x000000070d600000, 0x000000070d600000, 0x000000070d800000|  0%| F|  |TAMS 0x000000070d600000, 0x000000070d600000| Untracked 
|  92|0x000000070d800000, 0x000000070d800000, 0x000000070da00000|  0%| F|  |TAMS 0x000000070d800000, 0x000000070d800000| Untracked 
|  93|0x000000070da00000, 0x000000070da25d60, 0x000000070dc00000|  7%| S|CS|TAMS 0x000000070da00000, 0x000000070da00000| Complete 
|  94|0x000000070dc00000, 0x000000070de00000, 0x000000070de00000|100%| S|CS|TAMS 0x000000070dc00000, 0x000000070dc00000| Complete 
|  95|0x000000070de00000, 0x000000070e000000, 0x000000070e000000|100%| S|CS|TAMS 0x000000070de00000, 0x000000070de00000| Complete 
|  96|0x000000070e000000, 0x000000070e200000, 0x000000070e200000|100%| S|CS|TAMS 0x000000070e000000, 0x000000070e000000| Complete 
|  97|0x000000070e200000, 0x000000070e200000, 0x000000070e400000|  0%| F|  |TAMS 0x000000070e200000, 0x000000070e200000| Untracked 
|  98|0x000000070e400000, 0x000000070e400000, 0x000000070e600000|  0%| F|  |TAMS 0x000000070e400000, 0x000000070e400000| Untracked 
|  99|0x000000070e600000, 0x000000070e600000, 0x000000070e800000|  0%| F|  |TAMS 0x000000070e600000, 0x000000070e600000| Untracked 
| 100|0x000000070e800000, 0x000000070e800000, 0x000000070ea00000|  0%| F|  |TAMS 0x000000070e800000, 0x000000070e800000| Untracked 
| 101|0x000000070ea00000, 0x000000070ea00000, 0x000000070ec00000|  0%| F|  |TAMS 0x000000070ea00000, 0x000000070ea00000| Untracked 
| 102|0x000000070ec00000, 0x000000070ec00000, 0x000000070ee00000|  0%| F|  |TAMS 0x000000070ec00000, 0x000000070ec00000| Untracked 
| 103|0x000000070ee00000, 0x000000070ee00000, 0x000000070f000000|  0%| F|  |TAMS 0x000000070ee00000, 0x000000070ee00000| Untracked 
| 104|0x000000070f000000, 0x000000070f000000, 0x000000070f200000|  0%| F|  |TAMS 0x000000070f000000, 0x000000070f000000| Untracked 
| 105|0x000000070f200000, 0x000000070f200000, 0x000000070f400000|  0%| F|  |TAMS 0x000000070f200000, 0x000000070f200000| Untracked 
| 106|0x000000070f400000, 0x000000070f400000, 0x000000070f600000|  0%| F|  |TAMS 0x000000070f400000, 0x000000070f400000| Untracked 
| 107|0x000000070f600000, 0x000000070f600000, 0x000000070f800000|  0%| F|  |TAMS 0x000000070f600000, 0x000000070f600000| Untracked 
| 108|0x000000070f800000, 0x000000070f800000, 0x000000070fa00000|  0%| F|  |TAMS 0x000000070f800000, 0x000000070f800000| Untracked 
| 109|0x000000070fa00000, 0x000000070fa00000, 0x000000070fc00000|  0%| F|  |TAMS 0x000000070fa00000, 0x000000070fa00000| Untracked 
| 110|0x000000070fc00000, 0x000000070fc00000, 0x000000070fe00000|  0%| F|  |TAMS 0x000000070fc00000, 0x000000070fc00000| Untracked 
| 111|0x000000070fe00000, 0x000000070fe00000, 0x0000000710000000|  0%| F|  |TAMS 0x000000070fe00000, 0x000000070fe00000| Untracked 
| 112|0x0000000710000000, 0x0000000710000000, 0x0000000710200000|  0%| F|  |TAMS 0x0000000710000000, 0x0000000710000000| Untracked 
| 113|0x0000000710200000, 0x0000000710200000, 0x0000000710400000|  0%| F|  |TAMS 0x0000000710200000, 0x0000000710200000| Untracked 
| 114|0x0000000710400000, 0x0000000710400000, 0x0000000710600000|  0%| F|  |TAMS 0x0000000710400000, 0x0000000710400000| Untracked 
| 115|0x0000000710600000, 0x0000000710600000, 0x0000000710800000|  0%| F|  |TAMS 0x0000000710600000, 0x0000000710600000| Untracked 
| 116|0x0000000710800000, 0x0000000710800000, 0x0000000710a00000|  0%| F|  |TAMS 0x0000000710800000, 0x0000000710800000| Untracked 
| 117|0x0000000710a00000, 0x0000000710a00000, 0x0000000710c00000|  0%| F|  |TAMS 0x0000000710a00000, 0x0000000710a00000| Untracked 
| 118|0x0000000710c00000, 0x0000000710c00000, 0x0000000710e00000|  0%| F|  |TAMS 0x0000000710c00000, 0x0000000710c00000| Untracked 
| 119|0x0000000710e00000, 0x0000000710e00000, 0x0000000711000000|  0%| F|  |TAMS 0x0000000710e00000, 0x0000000710e00000| Untracked 
| 120|0x0000000711000000, 0x0000000711000000, 0x0000000711200000|  0%| F|  |TAMS 0x0000000711000000, 0x0000000711000000| Untracked 
| 121|0x0000000711200000, 0x0000000711200000, 0x0000000711400000|  0%| F|  |TAMS 0x0000000711200000, 0x0000000711200000| Untracked 
| 122|0x0000000711400000, 0x0000000711400000, 0x0000000711600000|  0%| F|  |TAMS 0x0000000711400000, 0x0000000711400000| Untracked 
| 123|0x0000000711600000, 0x0000000711600000, 0x0000000711800000|  0%| F|  |TAMS 0x0000000711600000, 0x0000000711600000| Untracked 
| 124|0x0000000711800000, 0x0000000711800000, 0x0000000711a00000|  0%| F|  |TAMS 0x0000000711800000, 0x0000000711800000| Untracked 
| 125|0x0000000711a00000, 0x0000000711a00000, 0x0000000711c00000|  0%| F|  |TAMS 0x0000000711a00000, 0x0000000711a00000| Untracked 
| 126|0x0000000711c00000, 0x0000000711ce3ca0, 0x0000000711e00000| 44%| E|  |TAMS 0x0000000711c00000, 0x0000000711c00000| Complete 

Card table byte_map: [0x0000020e1d5e0000,0x0000020e1ddd0000] _byte_map_base: 0x0000020e19dd0000

Marking Bits (Prev, Next): (CMBitMap*) 0x0000020e124283e0, (CMBitMap*) 0x0000020e12428420
 Prev Bits: [0x0000020e1e5c0000, 0x0000020e22540000)
 Next Bits: [0x0000020e22540000, 0x0000020e264c0000)

Polling page: 0x0000020e102e0000

Metaspace:

Usage:
  Non-class:     17.81 MB used.
      Class:      2.70 MB used.
       Both:     20.51 MB used.

Virtual space:
  Non-class space:       64.00 MB reserved,      18.00 MB ( 28%) committed,  1 nodes.
      Class space:        1.00 GB reserved,       2.94 MB ( <1%) committed,  1 nodes.
             Both:        1.06 GB reserved,      20.94 MB (  2%) committed. 

Chunk freelists:
   Non-Class:  1.80 MB
       Class:  1002.00 KB
        Both:  2.78 MB

MaxMetaspaceSize: unlimited
CompressedClassSpaceSize: 1.00 GB
Initial GC threshold: 21.00 MB
Current GC threshold: 21.00 MB
CDS: on
MetaspaceReclaimPolicy: balanced
 - commit_granule_bytes: 65536.
 - commit_granule_words: 8192.
 - virtual_space_node_default_size: 8388608.
 - enlarge_chunks_in_place: 1.
 - new_chunks_are_fully_committed: 0.
 - uncommit_free_chunks: 1.
 - use_allocation_guard: 0.


Internal statistics:

num_allocs_failed_limit: 0.
num_arena_births: 514.
num_arena_deaths: 0.
num_vsnodes_births: 2.
num_vsnodes_deaths: 0.
num_space_committed: 335.
num_space_uncommitted: 0.
num_chunks_returned_to_freelist: 0.
num_chunks_taken_from_freelist: 1159.
num_chunk_merges: 0.
num_chunk_splits: 808.
num_chunks_enlarged: 591.
num_inconsistent_stats: 0.

CodeCache: size=49152Kb used=7777Kb max_used=7777Kb free=41374Kb
 bounds [0x0000020e19ce0000, 0x0000020e1a480000, 0x0000020e1cce0000]
 total_blobs=3675 nmethods=3179 adapters=419
 compilation: enabled
              stopped_count=0, restarted_count=0
 full_count=0

Compilation events (20 events):
Event: 4.119 Thread 0x0000020e28eaf040 nmethod 3152 0x0000020e1a46fc10 code [0x0000020e1a46fdc0, 0x0000020e1a46ffc8]
Event: 4.119 Thread 0x0000020e2d1ab040 nmethod 3153 0x0000020e1a470090 code [0x0000020e1a470240, 0x0000020e1a4703a8]
Event: 4.120 Thread 0x0000020e2d1ab040 3155       1       java.lang.invoke.MethodTypeForm::<init> (322 bytes)
Event: 4.121 Thread 0x0000020e2d1ab040 nmethod 3155 0x0000020e1a471410 code [0x0000020e1a471620, 0x0000020e1a4720c8]
Event: 4.122 Thread 0x0000020e28ee85b0 3160       1       java.lang.invoke.MemberName::getFactory (4 bytes)
Event: 4.122 Thread 0x0000020e28ee85b0 nmethod 3160 0x0000020e1a472710 code [0x0000020e1a4728a0, 0x0000020e1a472958]
Event: 4.124 Thread 0x0000020e2d1ab040 3166       1       java.lang.invoke.InvokerBytecodeGenerator::addMethod (725 bytes)
Event: 4.125 Thread 0x0000020e28eaf040 3167       1       java.util.List::of (9 bytes)
Event: 4.125 Thread 0x0000020e28eaf040 nmethod 3167 0x0000020e1a473c10 code [0x0000020e1a473dc0, 0x0000020e1a474048]
Event: 4.127 Thread 0x0000020e2d1ab040 nmethod 3166 0x0000020e1a474410 code [0x0000020e1a474800, 0x0000020e1a4757f8]
Event: 4.137 Thread 0x0000020e2d1ab040 3171       1       java.lang.invoke.LambdaFormEditor$TransformKey::of (51 bytes)
Event: 4.137 Thread 0x0000020e28eaeb40 3172       1       java.lang.invoke.LambdaFormEditor$TransformKey::packedBytes (39 bytes)
Event: 4.137 Thread 0x0000020e28eaeb40 nmethod 3172 0x0000020e1a476510 code [0x0000020e1a4766a0, 0x0000020e1a476758]
Event: 4.137 Thread 0x0000020e2d1ab040 nmethod 3171 0x0000020e1a476810 code [0x0000020e1a4769e0, 0x0000020e1a476d68]
Event: 4.141 Thread 0x0000020e2d1ab040 3174       1       java.lang.invoke.LambdaFormEditor$Transform::equals (32 bytes)
Event: 4.141 Thread 0x0000020e28eaf040 3175       1       java.lang.invoke.InvokerBytecodeGenerator::emitIconstInsn (75 bytes)
Event: 4.141 Thread 0x0000020e2d1ab040 nmethod 3174 0x0000020e1a477190 code [0x0000020e1a477320, 0x0000020e1a477448]
Event: 4.141 Thread 0x0000020e28eaf040 nmethod 3175 0x0000020e1a477510 code [0x0000020e1a477700, 0x0000020e1a4779b8]
Event: 4.143 Thread 0x0000020e28eaf040 3179       1       java.lang.invoke.LambdaForm$NamedFunction::<init> (15 bytes)
Event: 4.143 Thread 0x0000020e28eaf040 nmethod 3179 0x0000020e1a478410 code [0x0000020e1a4785a0, 0x0000020e1a478718]

GC Heap History (6 events):
Event: 1.474 GC heap before
{Heap before GC invocations=0 (full 0):
 garbage-first heap   total 260096K, used 22528K [0x0000000702000000, 0x0000000800000000)
  region size 2048K, 11 young (22528K), 0 survivors (0K)
 Metaspace       used 7257K, committed 7488K, reserved 1114112K
  class space    used 866K, committed 960K, reserved 1048576K
}
Event: 1.500 GC heap after
{Heap after GC invocations=1 (full 0):
 garbage-first heap   total 260096K, used 8028K [0x0000000702000000, 0x0000000800000000)
  region size 2048K, 2 young (4096K), 2 survivors (4096K)
 Metaspace       used 7257K, committed 7488K, reserved 1114112K
  class space    used 866K, committed 960K, reserved 1048576K
}
Event: 2.551 GC heap before
{Heap before GC invocations=1 (full 0):
 garbage-first heap   total 260096K, used 26460K [0x0000000702000000, 0x0000000800000000)
  region size 2048K, 11 young (22528K), 2 survivors (4096K)
 Metaspace       used 11687K, committed 12096K, reserved 1114112K
  class space    used 1523K, committed 1728K, reserved 1048576K
}
Event: 2.557 GC heap after
{Heap after GC invocations=2 (full 0):
 garbage-first heap   total 260096K, used 9700K [0x0000000702000000, 0x0000000800000000)
  region size 2048K, 1 young (2048K), 1 survivors (2048K)
 Metaspace       used 11687K, committed 12096K, reserved 1114112K
  class space    used 1523K, committed 1728K, reserved 1048576K
}
Event: 4.148 GC heap before
{Heap before GC invocations=2 (full 0):
 garbage-first heap   total 260096K, used 67044K [0x0000000702000000, 0x0000000800000000)
  region size 2048K, 30 young (61440K), 1 survivors (2048K)
 Metaspace       used 20895K, committed 21376K, reserved 1114112K
  class space    used 2760K, committed 3008K, reserved 1048576K
}
Event: 4.155 GC heap after
{Heap after GC invocations=3 (full 0):
 garbage-first heap   total 260096K, used 14274K [0x0000000702000000, 0x0000000800000000)
  region size 2048K, 4 young (8192K), 4 survivors (8192K)
 Metaspace       used 20895K, committed 21376K, reserved 1114112K
  class space    used 2760K, committed 3008K, reserved 1048576K
}

Deoptimization events (4 events):
Event: 2.679 Thread 0x0000020e123b7190 DEOPT PACKING pc=0x0000020e1a289179 sp=0x0000003c045fd490
Event: 2.679 Thread 0x0000020e123b7190 DEOPT UNPACKING pc=0x0000020e19d32b43 sp=0x0000003c045fc970 mode 3
Event: 2.861 Thread 0x0000020e123b7190 DEOPT PACKING pc=0x0000020e1a2ce455 sp=0x0000003c045fd910
Event: 2.861 Thread 0x0000020e123b7190 DEOPT UNPACKING pc=0x0000020e19d32b43 sp=0x0000003c045fcdb8 mode 3

Classes loaded (20 events):
Event: 4.108 Loading class java/lang/invoke/MethodHandleImpl$Makers
Event: 4.109 Loading class java/lang/invoke/MethodHandleImpl$Makers done
Event: 4.109 Loading class java/lang/invoke/MethodHandleImpl$Makers$1
Event: 4.109 Loading class java/lang/invoke/MethodHandleImpl$Makers$1 done
Event: 4.109 Loading class java/lang/invoke/MethodHandleImpl$Makers$2
Event: 4.109 Loading class java/lang/invoke/MethodHandleImpl$Makers$2 done
Event: 4.109 Loading class java/lang/invoke/MethodHandleImpl$Makers$3
Event: 4.109 Loading class java/lang/invoke/MethodHandleImpl$Makers$3 done
Event: 4.118 Loading class java/lang/runtime/ObjectMethods$1
Event: 4.118 Loading class java/lang/runtime/ObjectMethods$1 done
Event: 4.123 Loading class java/lang/invoke/DirectMethodHandle$1
Event: 4.123 Loading class java/lang/invoke/DirectMethodHandle$1 done
Event: 4.141 Loading class java/util/AbstractList$RandomAccessSubList
Event: 4.141 Loading class java/util/AbstractList$SubList
Event: 4.142 Loading class java/util/AbstractList$SubList done
Event: 4.142 Loading class java/util/AbstractList$RandomAccessSubList done
Event: 4.142 Loading class java/util/AbstractList$SubList$1
Event: 4.142 Loading class java/util/AbstractList$SubList$1 done
Event: 4.143 Loading class java/lang/invoke/MethodHandleImpl$CountingWrapper
Event: 4.143 Loading class java/lang/invoke/MethodHandleImpl$CountingWrapper done

Classes unloaded (0 events):
No events

Classes redefined (0 events):
No events

Internal exceptions (20 events):
Event: 4.109 Thread 0x0000020e123b7190 Exception <a 'java/lang/NoSuchMethodError'{0x000000070e284b80}: 'java.lang.Object java.lang.invoke.DirectMethodHandle$Holder.invokeStatic(java.lang.Object, java.lang.Object, int)'> (0x000000070e284b80) 
thrown [s\open\src\hotspot\share\interpreter\linkResolver.cpp, line 759]
Event: 4.111 Thread 0x0000020e123b7190 Exception <a 'java/lang/NoSuchMethodError'{0x000000070e296dc8}: 'void java.lang.invoke.DelegatingMethodHandle$Holder.delegate(java.lang.Object, java.lang.Object, int, java.lang.Object)'> (0x000000070e296dc8) 
thrown [s\open\src\hotspot\share\interpreter\linkResolver.cpp, line 759]
Event: 4.112 Thread 0x0000020e123b7190 Exception <a 'java/lang/NoSuchMethodError'{0x000000070e29f308}: 'java.lang.Object java.lang.invoke.DirectMethodHandle$Holder.invokeSpecial(java.lang.Object, java.lang.Object, java.lang.Object, java.lang.Object, java.lang.Object, java.lang.Object, java.lang.Object, java.lang.Object, java.lang.Object)'> (0x000000070e29f308) 
thrown [s\open\src\hotspot\share\interpreter\linkResolver.cpp, line 759]
Event: 4.115 Thread 0x0000020e123b7190 Exception <a 'java/lang/NoSuchMethodError'{0x000000070e2c3b18}: 'java.lang.Object java.lang.invoke.DirectMethodHandle$Holder.invokeSpecial(java.lang.Object, java.lang.Object, java.lang.Object, java.lang.Object, java.lang.Object, java.lang.Object, java.lang.Object, java.lang.Object, java.lang.Object, java.lang.Object, java.lang.Object, java.lang.Object, java.lang.Object, java.lang.Object)'> (0x000000070e2c3b18) 
thrown [s\open\src\hotspot\share\interpreter\linkResolver.cpp, line 759]
Event: 4.115 Thread 0x0000020e123b7190 Exception <a 'java/lang/NoSuchMethodError'{0x000000070e2c87f0}: 'java.lang.Object java.lang.invoke.Invokers$Holder.invoker(java.lang.Object, java.lang.Object, java.lang.Object, java.lang.Object, java.lang.Object, java.lang.Object, java.lang.Object, java.lang.Object, java.lang.Object, java.lang.Object, java.lang.Object, java.lang.Object, java.lang.Object, java.lang.Object)'> (0x000000070e2c87f0) 
thrown [s\open\src\hotspot\share\interpreter\linkResolver.cpp, line 759]
Event: 4.115 Thread 0x0000020e123b7190 Exception <a 'java/lang/NoSuchMethodError'{0x000000070e2ce4e8}: 'java.lang.Object java.lang.invoke.DirectMethodHandle$Holder.invokeSpecial(java.lang.Object, java.lang.Object, java.lang.Object, java.lang.Object, java.lang.Object, java.lang.Object, java.lang.Object, java.lang.Object, java.lang.Object, java.lang.Object, java.lang.Object, java.lang.Object, java.lang.Object, java.lang.Object, java.lang.Object)'> (0x000000070e2ce4e8) 
thrown [s\open\src\hotspot\share\interpreter\linkResolver.cpp, line 759]
Event: 4.118 Thread 0x0000020e123b7190 Exception <a 'java/lang/NoSuchMethodError'{0x000000070e2e1228}: 'int java.lang.invoke.DirectMethodHandle$Holder.invokeVirtual(java.lang.Object, java.lang.Object, java.lang.Object)'> (0x000000070e2e1228) 
thrown [s\open\src\hotspot\share\interpreter\linkResolver.cpp, line 759]
Event: 4.118 Thread 0x0000020e123b7190 Exception <a 'java/lang/NoSuchMethodError'{0x000000070e2e4ae0}: 'int java.lang.invoke.DirectMethodHandle$Holder.invokeVirtual(java.lang.Object, java.lang.Object)'> (0x000000070e2e4ae0) 
thrown [s\open\src\hotspot\share\interpreter\linkResolver.cpp, line 759]
Event: 4.119 Thread 0x0000020e123b7190 Exception <a 'java/lang/NoSuchMethodError'{0x000000070e2e8d20}: 'int java.lang.invoke.DirectMethodHandle$Holder.invokeStaticInit(java.lang.Object, int, int)'> (0x000000070e2e8d20) 
thrown [s\open\src\hotspot\share\interpreter\linkResolver.cpp, line 759]
Event: 4.120 Thread 0x0000020e123b7190 Exception <a 'java/lang/NoSuchMethodError'{0x000000070e2f0528}: 'int java.lang.invoke.DirectMethodHandle$Holder.invokeStaticInit(java.lang.Object, long, long)'> (0x000000070e2f0528) 
thrown [s\open\src\hotspot\share\interpreter\linkResolver.cpp, line 759]
Event: 4.120 Thread 0x0000020e123b7190 Exception <a 'java/lang/NoSuchMethodError'{0x000000070e2f7380}: 'int java.lang.invoke.DirectMethodHandle$Holder.invokeStaticInit(java.lang.Object, float, float)'> (0x000000070e2f7380) 
thrown [s\open\src\hotspot\share\interpreter\linkResolver.cpp, line 759]
Event: 4.121 Thread 0x0000020e123b7190 Exception <a 'java/lang/NoSuchMethodError'{0x000000070e2fe1d0}: 'int java.lang.invoke.DirectMethodHandle$Holder.invokeStaticInit(java.lang.Object, double, double)'> (0x000000070e2fe1d0) 
thrown [s\open\src\hotspot\share\interpreter\linkResolver.cpp, line 759]
Event: 4.121 Thread 0x0000020e123b7190 Exception <a 'java/lang/NoSuchMethodError'{0x000000070e3026f0}: 'int java.lang.invoke.DirectMethodHandle$Holder.invokeStatic(java.lang.Object, long)'> (0x000000070e3026f0) 
thrown [s\open\src\hotspot\share\interpreter\linkResolver.cpp, line 759]
Event: 4.125 Thread 0x0000020e123b7190 Exception <a 'java/lang/NoSuchMethodError'{0x000000070e329838}: 'int java.lang.invoke.DirectMethodHandle$Holder.invokeSpecial(java.lang.Object, java.lang.Object, int)'> (0x000000070e329838) 
thrown [s\open\src\hotspot\share\interpreter\linkResolver.cpp, line 759]
Event: 4.126 Thread 0x0000020e123b7190 Exception <a 'java/lang/NoSuchMethodError'{0x000000070e331198}: 'int java.lang.invoke.Invokers$Holder.linkToTargetMethod(java.lang.Object, java.lang.Object)'> (0x000000070e331198) 
thrown [s\open\src\hotspot\share\interpreter\linkResolver.cpp, line 759]
Event: 4.135 Thread 0x0000020e123b7190 Exception <a 'java/lang/NoSuchMethodError'{0x000000070e38c760}: 'java.lang.Object java.lang.invoke.DirectMethodHandle$Holder.invokeSpecial(java.lang.Object, java.lang.Object, java.lang.Object, java.lang.Object, java.lang.Object, java.lang.Object, java.lang.Object, java.lang.Object, java.lang.Object, java.lang.Object)'> (0x000000070e38c760) 
thrown [s\open\src\hotspot\share\interpreter\linkResolver.cpp, line 759]
Event: 4.135 Thread 0x0000020e123b7190 Exception <a 'java/lang/NoSuchMethodError'{0x000000070e390d48}: 'java.lang.Object java.lang.invoke.Invokers$Holder.invoke_MT(java.lang.Object, java.lang.Object, java.lang.Object, java.lang.Object, java.lang.Object, java.lang.Object, java.lang.Object, java.lang.Object, java.lang.Object, java.lang.Object)'> (0x000000070e390d48) 
thrown [s\open\src\hotspot\share\interpreter\linkResolver.cpp, line 759]
Event: 4.143 Thread 0x0000020e123b7190 Exception <a 'java/lang/NoSuchMethodError'{0x000000070e3d1800}: 'java.lang.Object java.lang.invoke.DirectMethodHandle$Holder.invokeSpecial(java.lang.Object, java.lang.Object, int, java.lang.Object, java.lang.Object)'> (0x000000070e3d1800) 
thrown [s\open\src\hotspot\share\interpreter\linkResolver.cpp, line 759]
Event: 4.143 Thread 0x0000020e123b7190 Exception <a 'java/lang/NoSuchMethodError'{0x000000070e3d54a8}: 'java.lang.Object java.lang.invoke.DelegatingMethodHandle$Holder.delegate(java.lang.Object, int, java.lang.Object, java.lang.Object)'> (0x000000070e3d54a8) 
thrown [s\open\src\hotspot\share\interpreter\linkResolver.cpp, line 759]
Event: 4.145 Thread 0x0000020e123b7190 Exception <a 'java/lang/NoSuchMethodError'{0x000000070e3e5928}: 'int java.lang.invoke.Invokers$Holder.linkToTargetMethod(java.lang.Object, java.lang.Object, java.lang.Object)'> (0x000000070e3e5928) 
thrown [s\open\src\hotspot\share\interpreter\linkResolver.cpp, line 759]

VM Operations (20 events):
Event: 3.233 Executing VM operation: ICBufferFull
Event: 3.233 Executing VM operation: ICBufferFull done
Event: 3.435 Executing VM operation: HandshakeAllThreads
Event: 3.435 Executing VM operation: HandshakeAllThreads done
Event: 3.820 Executing VM operation: HandshakeAllThreads
Event: 3.820 Executing VM operation: HandshakeAllThreads done
Event: 3.820 Executing VM operation: HandshakeAllThreads
Event: 3.820 Executing VM operation: HandshakeAllThreads done
Event: 3.826 Executing VM operation: HandshakeAllThreads
Event: 3.826 Executing VM operation: HandshakeAllThreads done
Event: 3.830 Executing VM operation: HandshakeAllThreads
Event: 3.830 Executing VM operation: HandshakeAllThreads done
Event: 3.942 Executing VM operation: HandshakeAllThreads
Event: 3.943 Executing VM operation: HandshakeAllThreads done
Event: 3.977 Executing VM operation: ICBufferFull
Event: 3.977 Executing VM operation: ICBufferFull done
Event: 4.128 Executing VM operation: HandshakeAllThreads
Event: 4.128 Executing VM operation: HandshakeAllThreads done
Event: 4.148 Executing VM operation: G1CollectForAllocation
Event: 4.155 Executing VM operation: G1CollectForAllocation done

Events (20 events):
Event: 0.462 Thread 0x0000020e2d59ce40 Thread added: 0x0000020e2d59ce40
Event: 0.462 Thread 0x0000020e2d50e3b0 Thread added: 0x0000020e2d50e3b0
Event: 0.469 Loaded shared library C:\Program Files\Java\jdk-18.0.2\bin\jimage.dll
Event: 0.496 Loaded shared library C:\Program Files\Java\jdk-18.0.2\bin\management.dll
Event: 0.510 Loaded shared library C:\Program Files\Java\jdk-18.0.2\bin\management_ext.dll
Event: 0.926 Thread 0x0000020e2d6aad00 Thread added: 0x0000020e2d6aad00
Event: 2.286 Thread 0x0000020e2dbde890 Thread added: 0x0000020e2dbde890
Event: 2.326 Thread 0x0000020e2dbb40b0 Thread added: 0x0000020e2dbb40b0
Event: 2.338 Thread 0x0000020e2dc151a0 Thread added: 0x0000020e2dc151a0
Event: 2.395 Thread 0x0000020e2dc151a0 Thread exited: 0x0000020e2dc151a0
Event: 2.513 Thread 0x0000020e2dc53710 Thread added: 0x0000020e2dc53710
Event: 2.790 Thread 0x0000020e2dc53710 Thread exited: 0x0000020e2dc53710
Event: 2.904 Thread 0x0000020e2e322870 Thread added: 0x0000020e2e322870
Event: 2.910 Thread 0x0000020e2e322870 Thread exited: 0x0000020e2e322870
Event: 2.930 Thread 0x0000020e2e3d55a0 Thread added: 0x0000020e2e3d55a0
Event: 2.960 Thread 0x0000020e2e3d55a0 Thread exited: 0x0000020e2e3d55a0
Event: 3.418 Thread 0x0000020e2e481080 Thread added: 0x0000020e2e481080
Event: 3.425 Thread 0x0000020e2e481080 Thread exited: 0x0000020e2e481080
Event: 3.936 Thread 0x0000020e2e654010 Thread added: 0x0000020e2e654010
Event: 3.943 Thread 0x0000020e2e654010 Thread exited: 0x0000020e2e654010


Dynamic libraries:
0x00007ff6357e0000 - 0x00007ff6357f0000 	C:\Program Files\Java\jdk-18.0.2\bin\java.exe
0x00007ffa8fa90000 - 0x00007ffa8fc88000 	C:\Windows\SYSTEM32\ntdll.dll
0x00007ffa68e70000 - 0x00007ffa68e89000 	C:\Program Files\Avast Software\Avast\aswhook.dll
0x00007ffa8ebd0000 - 0x00007ffa8ec8d000 	C:\Windows\System32\KERNEL32.DLL
0x00007ffa8d510000 - 0x00007ffa8d806000 	C:\Windows\System32\KERNELBASE.dll
0x00007ffa8d410000 - 0x00007ffa8d510000 	C:\Windows\System32\ucrtbase.dll
0x00007ffa84750000 - 0x00007ffa84768000 	C:\Program Files\Java\jdk-18.0.2\bin\jli.dll
0x00007ffa84590000 - 0x00007ffa845aa000 	C:\Program Files\Java\jdk-18.0.2\bin\VCRUNTIME140.dll
0x00007ffa8ea10000 - 0x00007ffa8eabf000 	C:\Windows\System32\ADVAPI32.dll
0x00007ffa8e070000 - 0x00007ffa8e10e000 	C:\Windows\System32\msvcrt.dll
0x00007ffa8daf0000 - 0x00007ffa8db8c000 	C:\Windows\System32\sechost.dll
0x00007ffa8f920000 - 0x00007ffa8fa46000 	C:\Windows\System32\RPCRT4.dll
0x00007ffa8ed10000 - 0x00007ffa8eeae000 	C:\Windows\System32\USER32.dll
0x00007ffa77b40000 - 0x00007ffa77dda000 	C:\Windows\WinSxS\amd64_microsoft.windows.common-controls_6595b64144ccf1df_6.0.19041.3636_none_60b6a03d71f818d5\COMCTL32.dll
0x00007ffa8d170000 - 0x00007ffa8d192000 	C:\Windows\System32\win32u.dll
0x00007ffa8e190000 - 0x00007ffa8e1bc000 	C:\Windows\System32\GDI32.dll
0x00007ffa8d210000 - 0x00007ffa8d32a000 	C:\Windows\System32\gdi32full.dll
0x00007ffa84570000 - 0x00007ffa8457a000 	C:\Windows\SYSTEM32\VERSION.dll
0x00007ffa8da00000 - 0x00007ffa8da9d000 	C:\Windows\System32\msvcp_win.dll
0x00007ffa8e030000 - 0x00007ffa8e060000 	C:\Windows\System32\IMM32.DLL
0x00007ffa84330000 - 0x00007ffa8433c000 	C:\Program Files\Java\jdk-18.0.2\bin\vcruntime140_1.dll
0x00007ffa4fd80000 - 0x00007ffa4fe0d000 	C:\Program Files\Java\jdk-18.0.2\bin\msvcp140.dll
0x00007ffa305f0000 - 0x00007ffa31201000 	C:\Program Files\Java\jdk-18.0.2\bin\server\jvm.dll
0x00007ffa8e060000 - 0x00007ffa8e068000 	C:\Windows\System32\PSAPI.DLL
0x00007ffa772a0000 - 0x00007ffa772a9000 	C:\Windows\SYSTEM32\WSOCK32.dll
0x00007ffa75ba0000 - 0x00007ffa75bc7000 	C:\Windows\SYSTEM32\WINMM.dll
0x00007ffa8ec90000 - 0x00007ffa8ecfb000 	C:\Windows\System32\WS2_32.dll
0x00007ffa8b980000 - 0x00007ffa8b992000 	C:\Windows\SYSTEM32\kernel.appcore.dll
0x00007ffa84320000 - 0x00007ffa8432a000 	C:\Program Files\Java\jdk-18.0.2\bin\jimage.dll
0x00007ffa8ada0000 - 0x00007ffa8af84000 	C:\Windows\SYSTEM32\DBGHELP.DLL
0x00007ffa7d200000 - 0x00007ffa7d234000 	C:\Windows\SYSTEM32\dbgcore.DLL
0x00007ffa8d970000 - 0x00007ffa8d9f2000 	C:\Windows\System32\bcryptPrimitives.dll
0x00007ffa88a40000 - 0x00007ffa88a4e000 	C:\Program Files\Java\jdk-18.0.2\bin\instrument.dll
0x00007ffa81440000 - 0x00007ffa81465000 	C:\Program Files\Java\jdk-18.0.2\bin\java.dll
0x00007ffa4edf0000 - 0x00007ffa4eec6000 	C:\Program Files\Java\jdk-18.0.2\bin\jsvml.dll
0x00007ffa8e2a0000 - 0x00007ffa8e9e5000 	C:\Windows\System32\SHELL32.dll
0x00007ffa8b1d0000 - 0x00007ffa8b96b000 	C:\Windows\SYSTEM32\windows.storage.dll
0x00007ffa8dcd0000 - 0x00007ffa8e024000 	C:\Windows\System32\combase.dll
0x00007ffa8cbb0000 - 0x00007ffa8cbdd000 	C:\Windows\SYSTEM32\Wldp.dll
0x00007ffa8f240000 - 0x00007ffa8f2ed000 	C:\Windows\System32\SHCORE.dll
0x00007ffa8f8c0000 - 0x00007ffa8f915000 	C:\Windows\System32\shlwapi.dll
0x00007ffa8d0a0000 - 0x00007ffa8d0c5000 	C:\Windows\SYSTEM32\profapi.dll
0x00007ffa7bae0000 - 0x00007ffa7baf8000 	C:\Program Files\Java\jdk-18.0.2\bin\zip.dll
0x00007ffa805c0000 - 0x00007ffa805d3000 	C:\Program Files\Java\jdk-18.0.2\bin\net.dll
0x00007ffa84050000 - 0x00007ffa8415a000 	C:\Windows\SYSTEM32\WINHTTP.dll
0x00007ffa8c8f0000 - 0x00007ffa8c95a000 	C:\Windows\system32\mswsock.dll
0x00007ffa7c640000 - 0x00007ffa7c656000 	C:\Program Files\Java\jdk-18.0.2\bin\nio.dll
0x00007ffa85730000 - 0x00007ffa8574a000 	C:\Program Files\JetBrains\IntelliJ IDEA 2022.1.3\bin\breakgen64.dll
0x00007ffa8c5e0000 - 0x00007ffa8c6aa000 	C:\Windows\SYSTEM32\DNSAPI.dll
0x00007ffa8c580000 - 0x00007ffa8c5bb000 	C:\Windows\SYSTEM32\IPHLPAPI.DLL
0x00007ffa8dcc0000 - 0x00007ffa8dcc8000 	C:\Windows\System32\NSI.dll
0x00007ffa84180000 - 0x00007ffa8418a000 	C:\Windows\System32\rasadhlp.dll
0x00007ffa7a550000 - 0x00007ffa7a5d0000 	C:\Windows\System32\fwpuclnt.dll
0x00007ffa8d330000 - 0x00007ffa8d357000 	C:\Windows\System32\bcrypt.dll
0x00007ffa88870000 - 0x00007ffa88879000 	C:\Program Files\Java\jdk-18.0.2\bin\management.dll
0x00007ffa868e0000 - 0x00007ffa868eb000 	C:\Program Files\Java\jdk-18.0.2\bin\management_ext.dll
0x00007ffa8cb10000 - 0x00007ffa8cb28000 	C:\Windows\SYSTEM32\CRYPTSP.dll
0x00007ffa8c190000 - 0x00007ffa8c1c4000 	C:\Windows\system32\rsaenh.dll
0x00007ffa8d020000 - 0x00007ffa8d04e000 	C:\Windows\SYSTEM32\USERENV.dll
0x00007ffa8cb00000 - 0x00007ffa8cb0c000 	C:\Windows\SYSTEM32\CRYPTBASE.dll
0x00007ffa84190000 - 0x00007ffa841a7000 	C:\Windows\SYSTEM32\dhcpcsvc6.DLL
0x00007ffa84160000 - 0x00007ffa8417d000 	C:\Windows\SYSTEM32\dhcpcsvc.DLL
0x00007ffa69c50000 - 0x00007ffa69c67000 	C:\Windows\system32\napinsp.dll
0x00007ffa69c30000 - 0x00007ffa69c4b000 	C:\Windows\system32\pnrpnsp.dll
0x00007ffa87c00000 - 0x00007ffa87c15000 	C:\Windows\system32\wshbth.dll
0x00007ffa88600000 - 0x00007ffa8861d000 	C:\Windows\system32\NLAapi.dll
0x00007ffa69c10000 - 0x00007ffa69c22000 	C:\Windows\System32\winrnr.dll

dbghelp: loaded successfully - version: 4.0.5 - missing functions: none
symbol engine: initialized successfully - sym options: 0x614 - pdb path: .;C:\Program Files\Java\jdk-18.0.2\bin;C:\Windows\SYSTEM32;C:\Program Files\Avast Software\Avast;C:\Windows\WinSxS\amd64_microsoft.windows.common-controls_6595b64144ccf1df_6.0.19041.3636_none_60b6a03d71f818d5;C:\Program Files\Java\jdk-18.0.2\bin\server;C:\Program Files\JetBrains\IntelliJ IDEA 2022.1.3\bin

VM Arguments:
jvm_args: -XX:TieredStopAtLevel=1 -Xverify:none -Dspring.output.ansi.enabled=always -Dcom.sun.management.jmxremote -Dspring.jmx.enabled=true -Dspring.liveBeansView.mbeanDomain -Dspring.application.admin.enabled=true -javaagent:C:\Program Files\JetBrains\IntelliJ IDEA 2022.1.3\lib\idea_rt.jar=54381:C:\Program Files\JetBrains\IntelliJ IDEA 2022.1.3\bin -Dfile.encoding=UTF-8 
java_command: ru.dimax.Application
java_class_path (initial): C:\Users\1\dev\full-stack-app\target\classes;C:\Users\1\.m2\repository\org\springframework\boot\spring-boot-starter-web\3.1.6\spring-boot-starter-web-3.1.6.jar;C:\Users\1\.m2\repository\org\springframework\boot\spring-boot-starter\3.1.6\spring-boot-starter-3.1.6.jar;C:\Users\1\.m2\repository\org\springframework\boot\spring-boot\3.1.6\spring-boot-3.1.6.jar;C:\Users\1\.m2\repository\org\springframework\boot\spring-boot-autoconfigure\3.1.6\spring-boot-autoconfigure-3.1.6.jar;C:\Users\1\.m2\repository\org\springframework\boot\spring-boot-starter-logging\3.1.6\spring-boot-starter-logging-3.1.6.jar;C:\Users\1\.m2\repository\ch\qos\logback\logback-classic\1.4.11\logback-classic-1.4.11.jar;C:\Users\1\.m2\repository\ch\qos\logback\logback-core\1.4.11\logback-core-1.4.11.jar;C:\Users\1\.m2\repository\org\apache\logging\log4j\log4j-to-slf4j\2.20.0\log4j-to-slf4j-2.20.0.jar;C:\Users\1\.m2\repository\org\apache\logging\log4j\log4j-api\2.20.0\log4j-api-2.20.0.jar;C:\Users\1\.m2\repository\org\slf4j\jul-to-slf4j\2.0.9\jul-to-slf4j-2.0.9.jar;C:\Users\1\.m2\repository\jakarta\annotation\jakarta.annotation-api\2.1.1\jakarta.annotation-api-2.1.1.jar;C:\Users\1\.m2\repository\org\yaml\snakeyaml\1.33\snakeyaml-1.33.jar;C:\Users\1\.m2\repository\org\springframework\boot\spring-boot-starter-json\3.1.6\spring-boot-starter-json-3.1.6.jar;C:\Users\1\.m2\repository\com\fasterxml\jackson\core\jackson-databind\2.15.3\jackson-databind-2.15.3.jar;C:\Users\1\.m2\repository\com\fasterxml\jackson\core\jackson-annotations\2.15.3\jackson-annotations-2.15.3.jar;C:\Users\1\.m2\repository\com\fasterxml\jackson\datatype\jackson-datatype-jdk8\2.15.3\jackson-datatype-jdk8-2.15.3.jar;C:\Users\1\.m2\repository\com\fasterxml\jackson\datatype\jackson-datatype-jsr310\2.15.3\jackson-datatype-jsr310-2.15.3.jar;C:\Users\1\.m2\repository\com\fasterxml\jackson\module\jackson-module-parameter-names\2.15.3\jackson-module-parameter-names-2.15.3.jar;C:\Users\1\.m2\repository\org\springframework\boot\spring-boot-starter-tomcat\3.1.6\spring-boot-starter-tomcat-3.1.6.jar;C:\Users\1\.m2\repository\org\apache\tomcat\embed\tomcat-embed-core\10.1.16\tomcat-embed-core-10.1.16.jar;C:\Users\1\.m2\repository\org\apache\tomcat\embed\tomcat-embed-el\10.1.16\tomcat-embed-el-10.1.16.jar;C:\Users\1\.m2\repository\org\apache\tomcat\embed\tomcat-embed-websocket\10.1.16\tomcat-embed-websocket-10.1.16.jar;C:\Users\1\.m2\repository\org\springframework\spring-web\6.0.14\spring-web-6.0.14.jar;C:\Users\1\.m2\repository\org\springframework\spring-beans\6.0.14\spring-beans-6.0.14.jar;C:\Users\1\.m2\repository\io\micrometer\micrometer-observation\1.11.6\micrometer-observation-1.11.6.jar;C:\Users\1\.m2\repository\io\micrometer\micrometer-commons\1.11.6\micrometer-commons-1.11.6.jar;C:\Users\1\.m2\repository\org\springframework\spring-webmvc\6.0.14\spring-webmvc-6.0.14.jar;C:\Users\1\.m2\repository\org\springframework\spring-aop\6.0.14\spring-aop-6.0.14.jar;C:\Users\1\.m2\repository\org\springframework\spring-context\6.0.14\spring-context-6.0.14.jar;C:\Users\1\.m2\repository\org\springframework\spring-expression\6.0.14\spring-expression-6.0.14.jar;C:\Users\1\.m2\repository\org\slf4j\slf4j-api\2.0.9\slf4j-api-2.0.9.jar;C:\Users\1\.m2\repository\jakarta\xml\bind\jakarta.xml.bind-api\4.0.1\jakarta.xml.bind-api-4.0.1.jar;C:\Users\1\.m2\repository\jakarta\activation\jakarta.activation-api\2.1.2\jakarta.activation-api-2.1.2.jar;C:\Users\1\.m2\repository\net\bytebuddy\byte-buddy\1.14.10\byte-buddy-1.14.10.jar;C:\Users\1\.m2\repository\org\springframework\spring-core\6.0.14\spring-core-6.0.14.jar;C:\Users\1\.m2\repository\org\springframework\spring-jcl\6.0.14\spring-jcl-6.0.14.jar;C:\Users\1\.m2\repository\org\projectlombok\lombok\1.18.30\lombok-1.18.30.jar;C:\Users\1\.m2\repository\org\mapstruct\mapstruct\1.4.2.Final\mapstruct-1.4.2.Final.jar;C:\Users\1\.m2\repository\org\mapstruct\mapstruct-processor\1.4.2.Final\mapstruct-processor-1.4.2.Final.jar;C:\Users\1\.m2\repository\org\postgresql\postgresql\42.6.0\postgresql-42.6.0.jar;C:\Users\1\.m2\repository\org\checkerframework\checker-qual\3.31.0\checker-qual-3.31.0.jar;C:\Users\1\.m2\repository\org\springframework\boot\spring-boot-starter-data-jpa\3.1.6\spring-boot-starter-data-jpa-3.1.6.jar;C:\Users\1\.m2\repository\org\springframework\boot\spring-boot-starter-aop\3.1.6\spring-boot-starter-aop-3.1.6.jar;C:\Users\1\.m2\repository\org\aspectj\aspectjweaver\1.9.20.1\aspectjweaver-1.9.20.1.jar;C:\Users\1\.m2\repository\org\springframework\boot\spring-boot-starter-jdbc\3.1.6\spring-boot-starter-jdbc-3.1.6.jar;C:\Users\1\.m2\repository\com\zaxxer\HikariCP\5.0.1\HikariCP-5.0.1.jar;C:\Users\1\.m2\repository\org\springframework\spring-jdbc\6.0.14\spring-jdbc-6.0.14.jar;C:\Users\1\.m2\repository\org\hibernate\orm\hibernate-core\6.2.13.Final\hibernate-core-6.2.13.Final.jar;C:\Users\1\.m2\repository\jakarta\persistence\jakarta.persistence-api\3.1.0\jakarta.persistence-api-3.1.0.jar;C:\Users\1\.m2\repository\jakarta\transaction\jakarta.transaction-api\2.0.1\jakarta.transaction-api-2.0.1.jar;C:\Users\1\.m2\repository\org\jboss\logging\jboss-logging\3.5.3.Final\jboss-logging-3.5.3.Final.jar;C:\Users\1\.m2\repository\org\hibernate\common\hibernate-commons-annotations\6.0.6.Final\hibernate-commons-annotations-6.0.6.Final.jar;C:\Users\1\.m2\repository\io\smallrye\jandex\3.0.5\jandex-3.0.5.jar;C:\Users\1\.m2\repository\com\fasterxml\classmate\1.5.1\classmate-1.5.1.jar;C:\Users\1\.m2\repository\org\glassfish\jaxb\jaxb-runtime\4.0.4\jaxb-runtime-4.0.4.jar;C:\Users\1\.m2\repository\org\glassfish\jaxb\jaxb-core\4.0.4\jaxb-core-4.0.4.jar;C:\Users\1\.m2\repository\org\eclipse\angus\angus-activation\2.0.1\angus-activation-2.0.1.jar;C:\Users\1\.m2\repository\org\glassfish\jaxb\txw2\4.0.4\txw2-4.0.4.jar;C:\Users\1\.m2\repository\com\sun\istack\istack-commons-runtime\4.1.2\istack-commons-runtime-4.1.2.jar;C:\Users\1\.m2\repository\jakarta\inject\jakarta.inject-api\2.0.1\jakarta.inject-api-2.0.1.jar;C:\Users\1\.m2\repository\org\antlr\antlr4-runtime\4.10.1\antlr4-runtime-4.10.1.jar;C:\Users\1\.m2\repository\org\springframework\data\spring-data-jpa\3.1.6\spring-data-jpa-3.1.6.jar;C:\Users\1\.m2\repository\org\springframework\data\spring-data-commons\3.1.6\spring-data-commons-3.1.6.jar;C:\Users\1\.m2\repository\org\springframework\spring-orm\6.0.14\spring-orm-6.0.14.jar;C:\Users\1\.m2\repository\org\springframework\spring-tx\6.0.14\spring-tx-6.0.14.jar;C:\Users\1\.m2\repository\org\springframework\spring-aspects\6.0.14\spring-aspects-6.0.14.jar;C:\Users\1\.m2\repository\org\springframework\boot\spring-boot-starter-data-jdbc\3.1.6\spring-boot-starter-data-jdbc-3.1.6.jar;C:\Users\1\.m2\repository\org\springframework\data\spring-data-jdbc\3.1.6\spring-data-jdbc-3.1.6.jar;C:\Users\1\.m2\repository\org\springframework\data\spring-data-relational\3.1.6\spring-data-relational-3.1.6.jar;C:\Users\1\.m2\repository\org\flywaydb\flyway-core\9.16.3\flyway-core-9.16.3.jar;C:\Users\1\.m2\repository\com\fasterxml\jackson\dataformat\jackson-dataformat-toml\2.15.3\jackson-dataformat-toml-2.15.3.jar;C:\Users\1\.m2\repository\com\fasterxml\jackson\core\jackson-core\2.15.3\jackson-core-2.15.3.jar;C:\Users\1\.m2\repository\org\apache\commons\commons-text\1.10.0\commons-text-1.10.0.jar;C:\Users\1\.m2\repository\org\apache\commons\commons-lang3\3.12.0\commons-lang3-3.12.0.jar
Launcher Type: SUN_STANDARD

[Global flags]
     intx CICompilerCount                          = 4                                         {product} {ergonomic}
     uint ConcGCThreads                            = 2                                         {product} {ergonomic}
     uint G1ConcRefinementThreads                  = 8                                         {product} {ergonomic}
   size_t G1HeapRegionSize                         = 2097152                                   {product} {ergonomic}
    uintx GCDrainStackTargetSize                   = 64                                        {product} {ergonomic}
   size_t InitialHeapSize                          = 266338304                                 {product} {ergonomic}
     bool ManagementServer                         = true                                      {product} {command line}
   size_t MarkStackSize                            = 4194304                                   {product} {ergonomic}
   size_t MaxHeapSize                              = 4261412864                                {product} {ergonomic}
   size_t MaxNewSize                               = 2556428288                                {product} {ergonomic}
   size_t MinHeapDeltaBytes                        = 2097152                                   {product} {ergonomic}
   size_t MinHeapSize                              = 8388608                                   {product} {ergonomic}
    uintx NonProfiledCodeHeapSize                  = 0                                      {pd product} {ergonomic}
     bool ProfileInterpreter                       = false                                  {pd product} {command line}
    uintx ProfiledCodeHeapSize                     = 0                                      {pd product} {ergonomic}
   size_t SoftMaxHeapSize                          = 4261412864                             {manageable} {ergonomic}
     intx TieredStopAtLevel                        = 1                                         {product} {command line}
     bool UseCompressedClassPointers               = true                           {product lp64_product} {ergonomic}
     bool UseCompressedOops                        = true                           {product lp64_product} {ergonomic}
     bool UseG1GC                                  = true                                      {product} {ergonomic}
     bool UseLargePagesIndividualAllocation        = false                                  {pd product} {ergonomic}

Logging:
Log output configuration:
 #0: stdout all=warning uptime,level,tags foldmultilines=false
 #1: stderr all=off uptime,level,tags foldmultilines=false

Environment Variables:
JAVA_HOME=C:\Program Files\Java\jdk-18.0.2
PATH=C:\Program Files\Java\jdk-18.0.2\bin;C:\Windows\system32;C:\Windows;C:\Windows\System32\Wbem;C:\Windows\System32\WindowsPowerShell\v1.0\;C:\Windows\System32\OpenSSH\;C:\Program Files\Git\cmd;C:\Program Files\dotnet\;C:\Users\1\AppData\Roaming\nvm;C:\Program Files\nodejs;C:\Program Files\Docker\Docker\resources\bin;C:\Program Files\Maven\apache-maven-3.9.2\bin;C:\Program Files\Maven\apache-maven-3.9.2\bin;C:\Program Files\PostgreSQL\15\bin;C:\Program Files\Kubernetes\Minikube\minikube.exe;C:\Program Files\Kubernetes;C:\Program Files (x86)\NVIDIA Corporation\PhysX\Common;C:\Program Files\NVIDIA Corporation\NVIDIA NvDLISR;C:\Gradle\gradle-8.4\bin;C:\Users\1\kafka_2.13-3.1.0\bin;C:\Program Files\Java\jdk-18.0.2\bin;C:\Users\1\AppData\Local\Programs\Microsoft VS Code\bin;C:\Users\1\AppData\Roaming\npm;C:\Users\1\AppData\Roaming\nvm;C:\Program Files\nodejs;C:\Program Files\Maven\apache-maven-3.9.2\bin;C:\Program Files\Maven\apache-maven-3.9.2\bin;C:\Program Files\PostgreSQL\15\bin;C:\Program Files\Kubernetes\Minikube;C:\Program Files\Kubernetes;C:\Users\1\kafka_2.13-3.1.0\bin;
USERNAME=1
OS=Windows_NT
PROCESSOR_IDENTIFIER=Intel64 Family 6 Model 165 Stepping 2, GenuineIntel



---------------  S Y S T E M  ---------------

OS:
 Windows 10 , 64 bit Build 19041 (10.0.19041.3636)
OS uptime: 8 days 0:06 hours
Hyper-V role detected

CPU: total 8 (initial active 8) (4 cores per cpu, 2 threads per core) family 6 model 165 stepping 2 microcode 0xc8, cx8, cmov, fxsr, ht, mmx, 3dnowpref, sse, sse2, sse3, ssse3, sse4.1, sse4.2, popcnt, lzcnt, tsc, tscinvbit, avx, avx2, aes, erms, clmul, bmi1, bmi2, adx, fma, vzeroupper, clflush, clflushopt, hv

Memory: 4k page, system-wide physical 16252M (3089M free)
TotalPageFile size 24899M (AvailPageFile size 2M)
current process WorkingSet (physical memory assigned to process): 148M, peak: 148M
current process commit charge ("private bytes"): 378M, peak: 379M

vm_info: Java HotSpot(TM) 64-Bit Server VM (18.0.2+9-61) for windows-amd64 JRE (18.0.2+9-61), built on Jun  7 2022 13:09:01 by "mach5one" with MS VC++ 16.8 / 16.9 (VS2019)

END.
